<?xml version="1.0" encoding="UTF-8"?>
<!-- Generated by org.testng.reporters.JUnitReportReporter -->
<testsuite hostname="Lenovo" failures="0" tests="9" name="com.test.FormInvalidData" time="101.745" errors="0" timestamp="2022-01-03T17:39:36 IST" skipped="0">
  <testcase classname="com.test.FormInvalidData" name="onlyFirstName" time="26.678"/>
  <system-out/>
  <testcase classname="com.test.FormInvalidData" name="onlyLastName" time="4.612"/>
  <system-out/>
  <testcase classname="com.test.FormInvalidData" name="onlyJobTitle" time="21.017"/>
  <system-out/>
  <testcase classname="com.test.FormInvalidData" name="onlyValidEmail" time="12.412"/>
  <system-out/>
  <testcase classname="com.test.FormInvalidData" name="onlyInvalidEmail" time="9.559"/>
  <system-out/>
  <testcase classname="com.test.FormInvalidData" name="validPhNumber" time="8.789"/>
  <system-out/>
  <testcase classname="com.test.FormInvalidData" name="invalidPhNumber" time="7.352"/>
  <system-out/>
  <testcase classname="com.test.FormInvalidData" name="nullSubmit" time="6.160"/>
  <system-out/>
  <testcase classname="com.test.FormInvalidData" name="ValidFormSubmit" time="5.166"/>
  <system-out/>
</testsuite> <!-- com.test.FormInvalidData -->
