<?xml version="1.0" encoding="UTF-8"?>
<!-- Generated by org.testng.reporters.JUnitReportReporter -->
<testsuite hostname="LTIN317019" failures="0" tests="1" name="Findingcourse_Hackathon.Findingcourse_Hackathon.CourseSearch" time="22.852" errors="0" timestamp="2021-12-30T11:38:40 IST" skipped="0">
  <testcase classname="Findingcourse_Hackathon.Findingcourse_Hackathon.CourseSearch" name="searchCourse" time="22.852"/>
  <system-out/>
</testsuite> <!-- Findingcourse_Hackathon.Findingcourse_Hackathon.CourseSearch -->
