<?xml version="1.0" encoding="UTF-8"?>
<!-- Generated by org.testng.reporters.JUnitReportReporter -->
<testsuite hostname="Lenovo" failures="0" tests="3" name="com.test.VerifyCourseTest" time="53.067" errors="0" timestamp="2022-01-03T17:39:36 IST" skipped="0">
  <testcase classname="com.test.VerifyCourseTest" name="selectLevelFilter" time="8.823"/>
  <system-out/>
  <testcase classname="com.test.VerifyCourseTest" name="getTestUrl" time="34.861"/>
  <system-out/>
  <testcase classname="com.test.VerifyCourseTest" name="verifyLevelSelected" time="9.383"/>
  <system-out/>
</testsuite> <!-- com.test.VerifyCourseTest -->
